app/build/intermediates/manifest_merge_blame_file/debug/manifest-merger-blame-debug-report.txt
1<?xml version="1.0" encoding="utf-8"?>
2<manifest xmlns:android="http://schemas.android.com/apk/res/android"
3    package="com.example.finalapp"
4    android:versionCode="1"
5    android:versionName="1.0" >
6
7    <uses-sdk
8        android:minSdkVersion="28"
8-->src\main\AndroidManifest.xml
9        android:targetSdkVersion="33" />
9-->src\main\AndroidManifest.xml
10
11    <!-- Permisos básicos para sensores -->
12    <uses-permission android:name="android.permission.BODY_SENSORS" />
12-->src\main\AndroidManifest.xml:5:5-71
12-->src\main\AndroidManifest.xml:5:22-68
13    <uses-permission android:name="android.permission.ACTIVITY_RECOGNITION" />
13-->src\main\AndroidManifest.xml:6:5-79
13-->src\main\AndroidManifest.xml:6:22-76
14    <uses-permission android:name="android.permission.INTERNET" />
14-->src\main\AndroidManifest.xml:7:5-67
14-->src\main\AndroidManifest.xml:7:22-64
15    <uses-permission android:name="android.permission.ACCESS_NETWORK_STATE" />
15-->src\main\AndroidManifest.xml:8:5-79
15-->src\main\AndroidManifest.xml:8:22-76
16    <uses-permission android:name="android.permission.FOREGROUND_SERVICE" />
16-->src\main\AndroidManifest.xml:9:5-77
16-->src\main\AndroidManifest.xml:9:22-74
17    <uses-permission android:name="android.permission.WAKE_LOCK" />
17-->src\main\AndroidManifest.xml:10:5-68
17-->src\main\AndroidManifest.xml:10:22-65
18
19    <!-- Permisos específicos de Samsung Health -->
20    <uses-permission android:name="com.samsung.android.providers.context.permission.WRITE_USE_APP_FEATURE_SURVEY" />
20-->src\main\AndroidManifest.xml:13:5-117
20-->src\main\AndroidManifest.xml:13:22-114
21    <uses-permission android:name="com.samsung.health.permission.read" />
21-->src\main\AndroidManifest.xml:14:5-74
21-->src\main\AndroidManifest.xml:14:22-71
22
23    <!-- Características del dispositivo -->
24    <uses-feature android:name="android.hardware.type.watch" />
24-->src\main\AndroidManifest.xml:17:5-64
24-->src\main\AndroidManifest.xml:17:19-61
25    <uses-feature
25-->src\main\AndroidManifest.xml:18:5-95
26        android:name="android.hardware.sensor.heartrate"
26-->src\main\AndroidManifest.xml:18:19-67
27        android:required="false" />
27-->src\main\AndroidManifest.xml:18:68-92
28    <uses-feature
28-->src\main\AndroidManifest.xml:19:5-97
29        android:name="android.hardware.sensor.stepcounter"
29-->src\main\AndroidManifest.xml:19:19-69
30        android:required="false" />
30-->src\main\AndroidManifest.xml:19:70-94
31
32    <permission
32-->[androidx.core:core:1.10.1] AndroidManifest.xml:22:5-24:47
33        android:name="com.example.finalapp.DYNAMIC_RECEIVER_NOT_EXPORTED_PERMISSION"
33-->[androidx.core:core:1.10.1] AndroidManifest.xml:23:9-81
34        android:protectionLevel="signature" />
34-->[androidx.core:core:1.10.1] AndroidManifest.xml:24:9-44
35
36    <uses-permission android:name="com.example.finalapp.DYNAMIC_RECEIVER_NOT_EXPORTED_PERMISSION" />
36-->[androidx.core:core:1.10.1] AndroidManifest.xml:26:5-97
36-->[androidx.core:core:1.10.1] AndroidManifest.xml:26:22-94
37
38    <application
38-->src\main\AndroidManifest.xml:21:5-56:19
39        android:allowBackup="true"
39-->src\main\AndroidManifest.xml:22:9-35
40        android:appComponentFactory="androidx.core.app.CoreComponentFactory"
40-->[androidx.core:core:1.10.1] AndroidManifest.xml:28:18-86
41        android:debuggable="true"
42        android:extractNativeLibs="false"
43        android:icon="@mipmap/ic_launcher"
43-->src\main\AndroidManifest.xml:23:9-43
44        android:label="@string/app_name"
44-->src\main\AndroidManifest.xml:24:9-41
45        android:roundIcon="@mipmap/ic_launcher_round"
45-->src\main\AndroidManifest.xml:25:9-54
46        android:supportsRtl="true"
46-->src\main\AndroidManifest.xml:26:9-35
47        android:testOnly="true"
48        android:theme="@style/Theme.FinalApp" >
48-->src\main\AndroidManifest.xml:27:9-46
49        <uses-library
49-->src\main\AndroidManifest.xml:29:9-31:39
50            android:name="com.google.android.wearable"
50-->src\main\AndroidManifest.xml:30:13-55
51            android:required="true" />
51-->src\main\AndroidManifest.xml:31:13-36
52
53        <!-- Actividad principal con tema específico para Wear -->
54        <activity
54-->src\main\AndroidManifest.xml:34:9-49:20
55            android:name="com.example.finalapp.MainActivity"
55-->src\main\AndroidManifest.xml:35:13-41
56            android:exported="true"
56-->src\main\AndroidManifest.xml:36:13-36
57            android:theme="@android:style/Theme.DeviceDefault" >
57-->src\main\AndroidManifest.xml:37:13-63
58            <intent-filter>
58-->src\main\AndroidManifest.xml:38:13-41:29
59                <action android:name="android.intent.action.MAIN" />
59-->src\main\AndroidManifest.xml:39:17-69
59-->src\main\AndroidManifest.xml:39:25-66
60
61                <category android:name="android.intent.category.LAUNCHER" />
61-->src\main\AndroidManifest.xml:40:17-77
61-->src\main\AndroidManifest.xml:40:27-74
62            </intent-filter>
63
64            <!-- Wear OS launcher intent -->
65            <intent-filter>
65-->src\main\AndroidManifest.xml:44:13-48:29
66                <action android:name="android.intent.action.MAIN" />
66-->src\main\AndroidManifest.xml:39:17-69
66-->src\main\AndroidManifest.xml:39:25-66
67
68                <category android:name="android.intent.category.LAUNCHER" />
68-->src\main\AndroidManifest.xml:40:17-77
68-->src\main\AndroidManifest.xml:40:27-74
69                <category android:name="android.intent.category.WEARABLE_APP" />
69-->src\main\AndroidManifest.xml:47:17-81
69-->src\main\AndroidManifest.xml:47:27-78
70            </intent-filter>
71        </activity>
72
73        <!-- Metadata para Samsung Health -->
74        <meta-data
74-->src\main\AndroidManifest.xml:52:9-54:128
75            android:name="com.samsung.android.health.permission.read"
75-->src\main\AndroidManifest.xml:53:13-70
76            android:value="com.samsung.health.step_count;com.samsung.health.heart_rate;com.samsung.health.oxygen_saturation" />
76-->src\main\AndroidManifest.xml:54:13-125
77
78        <provider
78-->[androidx.emoji2:emoji2:1.2.0] AndroidManifest.xml:24:9-32:20
79            android:name="androidx.startup.InitializationProvider"
79-->[androidx.emoji2:emoji2:1.2.0] AndroidManifest.xml:25:13-67
80            android:authorities="com.example.finalapp.androidx-startup"
80-->[androidx.emoji2:emoji2:1.2.0] AndroidManifest.xml:26:13-68
81            android:exported="false" >
81-->[androidx.emoji2:emoji2:1.2.0] AndroidManifest.xml:27:13-37
82            <meta-data
82-->[androidx.emoji2:emoji2:1.2.0] AndroidManifest.xml:29:13-31:52
83                android:name="androidx.emoji2.text.EmojiCompatInitializer"
83-->[androidx.emoji2:emoji2:1.2.0] AndroidManifest.xml:30:17-75
84                android:value="androidx.startup" />
84-->[androidx.emoji2:emoji2:1.2.0] AndroidManifest.xml:31:17-49
85            <meta-data
85-->[androidx.lifecycle:lifecycle-process:2.6.1] AndroidManifest.xml:29:13-31:52
86                android:name="androidx.lifecycle.ProcessLifecycleInitializer"
86-->[androidx.lifecycle:lifecycle-process:2.6.1] AndroidManifest.xml:30:17-78
87                android:value="androidx.startup" />
87-->[androidx.lifecycle:lifecycle-process:2.6.1] AndroidManifest.xml:31:17-49
88            <meta-data
88-->[androidx.profileinstaller:profileinstaller:1.3.0] AndroidManifest.xml:29:13-31:52
89                android:name="androidx.profileinstaller.ProfileInstallerInitializer"
89-->[androidx.profileinstaller:profileinstaller:1.3.0] AndroidManifest.xml:30:17-85
90                android:value="androidx.startup" />
90-->[androidx.profileinstaller:profileinstaller:1.3.0] AndroidManifest.xml:31:17-49
91        </provider>
92
93        <receiver
93-->[androidx.profileinstaller:profileinstaller:1.3.0] AndroidManifest.xml:34:9-52:20
94            android:name="androidx.profileinstaller.ProfileInstallReceiver"
94-->[androidx.profileinstaller:profileinstaller:1.3.0] AndroidManifest.xml:35:13-76
95            android:directBootAware="false"
95-->[androidx.profileinstaller:profileinstaller:1.3.0] AndroidManifest.xml:36:13-44
96            android:enabled="true"
96-->[androidx.profileinstaller:profileinstaller:1.3.0] AndroidManifest.xml:37:13-35
97            android:exported="true"
97-->[androidx.profileinstaller:profileinstaller:1.3.0] AndroidManifest.xml:38:13-36
98            android:permission="android.permission.DUMP" >
98-->[androidx.profileinstaller:profileinstaller:1.3.0] AndroidManifest.xml:39:13-57
99            <intent-filter>
99-->[androidx.profileinstaller:profileinstaller:1.3.0] AndroidManifest.xml:40:13-42:29
100                <action android:name="androidx.profileinstaller.action.INSTALL_PROFILE" />
100-->[androidx.profileinstaller:profileinstaller:1.3.0] AndroidManifest.xml:41:17-91
100-->[androidx.profileinstaller:profileinstaller:1.3.0] AndroidManifest.xml:41:25-88
101            </intent-filter>
102            <intent-filter>
102-->[androidx.profileinstaller:profileinstaller:1.3.0] AndroidManifest.xml:43:13-45:29
103                <action android:name="androidx.profileinstaller.action.SKIP_FILE" />
103-->[androidx.profileinstaller:profileinstaller:1.3.0] AndroidManifest.xml:44:17-85
103-->[androidx.profileinstaller:profileinstaller:1.3.0] AndroidManifest.xml:44:25-82
104            </intent-filter>
105            <intent-filter>
105-->[androidx.profileinstaller:profileinstaller:1.3.0] AndroidManifest.xml:46:13-48:29
106                <action android:name="androidx.profileinstaller.action.SAVE_PROFILE" />
106-->[androidx.profileinstaller:profileinstaller:1.3.0] AndroidManifest.xml:47:17-88
106-->[androidx.profileinstaller:profileinstaller:1.3.0] AndroidManifest.xml:47:25-85
107            </intent-filter>
108            <intent-filter>
108-->[androidx.profileinstaller:profileinstaller:1.3.0] AndroidManifest.xml:49:13-51:29
109                <action android:name="androidx.profileinstaller.action.BENCHMARK_OPERATION" />
109-->[androidx.profileinstaller:profileinstaller:1.3.0] AndroidManifest.xml:50:17-95
109-->[androidx.profileinstaller:profileinstaller:1.3.0] AndroidManifest.xml:50:25-92
110            </intent-filter>
111        </receiver>
112    </application>
113
114</manifest>